<?xml version="1.0" encoding="UTF-8"?>
<testng-results ignored="18" total="28" passed="10" failed="0" skipped="0">
  <reporter-output>
  </reporter-output>
  <suite started-at="2023-06-04T02:24:41 IST" name="Regression Test" finished-at="2023-06-04T02:25:52 IST" duration-ms="70962">
    <groups>
    </groups>
    <test started-at="2023-06-04T02:24:41 IST" name="Test" finished-at="2023-06-04T02:25:52 IST" duration-ms="70962">
      <class name="flipcart.testcases.VerifyFlipCarMobilePageTest">
        <test-method is-config="true" signature="isSkip()[pri:0, instance:flipcart.testcases.VerifyFlipCarMobilePageTest@67c27493]" started-at="2023-06-04T02:24:49 IST" name="isSkip" finished-at="2023-06-04T02:24:49 IST" duration-ms="1" status="PASS">
          <reporter-output>
          </reporter-output>
        </test-method> <!-- isSkip -->
        <test-method signature="VerifyFlipCarMobilePage()[pri:0, instance:flipcart.testcases.VerifyFlipCarMobilePageTest@67c27493]" started-at="2023-06-04T02:24:49 IST" name="VerifyFlipCarMobilePage" finished-at="2023-06-04T02:24:53 IST" duration-ms="3791" status="PASS">
          <reporter-output>
          </reporter-output>
        </test-method> <!-- VerifyFlipCarMobilePage -->
      </class> <!-- flipcart.testcases.VerifyFlipCarMobilePageTest -->
      <class name="flipcart.testcases.VerifyFlipcartTopOfferPageTest">
        <test-method is-config="true" signature="isSkip()[pri:0, instance:flipcart.testcases.VerifyFlipcartTopOfferPageTest@55183b20]" started-at="2023-06-04T02:25:33 IST" name="isSkip" finished-at="2023-06-04T02:25:33 IST" duration-ms="5" status="PASS">
          <reporter-output>
          </reporter-output>
        </test-method> <!-- isSkip -->
        <test-method signature="VerifyFlipcartTopOffersPage()[pri:0, instance:flipcart.testcases.VerifyFlipcartTopOfferPageTest@55183b20]" started-at="2023-06-04T02:25:33 IST" name="VerifyFlipcartTopOffersPage" finished-at="2023-06-04T02:25:37 IST" duration-ms="3865" status="PASS">
          <reporter-output>
          </reporter-output>
        </test-method> <!-- VerifyFlipcartTopOffersPage -->
      </class> <!-- flipcart.testcases.VerifyFlipcartTopOfferPageTest -->
      <class name="flipcart.testcases.VerifyFlipcartGroceryPageTest">
        <test-method is-config="true" signature="setup()[pri:0, instance:flipcart.testcases.VerifyFlipcartGroceryPageTest@4ec4f3a0]" started-at="2023-06-04T02:24:40 IST" name="setup" finished-at="2023-06-04T02:24:41 IST" duration-ms="659" status="PASS">
          <reporter-output>
          </reporter-output>
        </test-method> <!-- setup -->
        <test-method is-config="true" signature="isSkip()[pri:0, instance:flipcart.testcases.VerifyFlipcartGroceryPageTest@4ec4f3a0]" started-at="2023-06-04T02:24:41 IST" name="isSkip" finished-at="2023-06-04T02:24:41 IST" duration-ms="0" status="PASS">
          <reporter-output>
          </reporter-output>
        </test-method> <!-- isSkip -->
        <test-method signature="VerifyFlipcartGroceryTest()[pri:0, instance:flipcart.testcases.VerifyFlipcartGroceryPageTest@4ec4f3a0]" started-at="2023-06-04T02:24:41 IST" name="VerifyFlipcartGroceryTest" finished-at="2023-06-04T02:24:47 IST" duration-ms="5909" status="PASS">
          <reporter-output>
          </reporter-output>
        </test-method> <!-- VerifyFlipcartGroceryTest -->
        <test-method is-config="true" signature="endTest()[pri:0, instance:flipcart.testcases.VerifyFlipcartGroceryPageTest@4ec4f3a0]" started-at="2023-06-04T02:25:52 IST" name="endTest" finished-at="2023-06-04T02:25:52 IST" duration-ms="193" status="PASS">
          <reporter-output>
          </reporter-output>
        </test-method> <!-- endTest -->
      </class> <!-- flipcart.testcases.VerifyFlipcartGroceryPageTest -->
      <class name="flipcart.testcases.VerifyFlipCartElectronicPageTest">
        <test-method is-config="true" signature="isSkip()[pri:0, instance:flipcart.testcases.VerifyFlipCartElectronicPageTest@72967906]" started-at="2023-06-04T02:25:01 IST" name="isSkip" finished-at="2023-06-04T02:25:01 IST" duration-ms="1" status="PASS">
          <reporter-output>
          </reporter-output>
        </test-method> <!-- isSkip -->
        <test-method signature="VerifyFlipCartelectronicPageTest()[pri:0, instance:flipcart.testcases.VerifyFlipCartElectronicPageTest@72967906]" started-at="2023-06-04T02:25:01 IST" name="VerifyFlipCartelectronicPageTest" finished-at="2023-06-04T02:25:05 IST" duration-ms="3584" status="PASS">
          <reporter-output>
          </reporter-output>
        </test-method> <!-- VerifyFlipCartelectronicPageTest -->
      </class> <!-- flipcart.testcases.VerifyFlipCartElectronicPageTest -->
      <class name="flipcart.testcases.VerifyFlipcartBeautyToyMorePageTest">
        <test-method signature="VerifyFlipcartBeautyToyMorePage()[pri:0, instance:flipcart.testcases.VerifyFlipcartBeautyToyMorePageTest@4f83df68]" started-at="2023-06-04T02:25:39 IST" name="VerifyFlipcartBeautyToyMorePage" finished-at="2023-06-04T02:25:43 IST" duration-ms="3917" status="PASS">
          <reporter-output>
          </reporter-output>
        </test-method> <!-- VerifyFlipcartBeautyToyMorePage -->
        <test-method is-config="true" signature="isSkip()[pri:0, instance:flipcart.testcases.VerifyFlipcartBeautyToyMorePageTest@4f83df68]" started-at="2023-06-04T02:25:39 IST" name="isSkip" finished-at="2023-06-04T02:25:39 IST" duration-ms="0" status="PASS">
          <reporter-output>
          </reporter-output>
        </test-method> <!-- isSkip -->
      </class> <!-- flipcart.testcases.VerifyFlipcartBeautyToyMorePageTest -->
      <class name="flipcart.testcases.VerifyFlipcartTwoWheelerPageTest">
        <test-method is-config="true" signature="isSkip()[pri:0, instance:flipcart.testcases.VerifyFlipcartTwoWheelerPageTest@6cf0e0ba]" started-at="2023-06-04T02:25:46 IST" name="isSkip" finished-at="2023-06-04T02:25:46 IST" duration-ms="0" status="PASS">
          <reporter-output>
          </reporter-output>
        </test-method> <!-- isSkip -->
        <test-method signature="VerifyFlipcarttwoWheelerPage()[pri:0, instance:flipcart.testcases.VerifyFlipcartTwoWheelerPageTest@6cf0e0ba]" started-at="2023-06-04T02:25:46 IST" name="VerifyFlipcarttwoWheelerPage" finished-at="2023-06-04T02:25:49 IST" duration-ms="3783" status="PASS">
          <reporter-output>
          </reporter-output>
        </test-method> <!-- VerifyFlipcarttwoWheelerPage -->
      </class> <!-- flipcart.testcases.VerifyFlipcartTwoWheelerPageTest -->
      <class name="flipcart.testcases.VerifyFlipcartAppliancePageTest">
        <test-method is-config="true" signature="isSkip()[pri:0, instance:flipcart.testcases.VerifyFlipcartAppliancePageTest@2f9f7dcf]" started-at="2023-06-04T02:25:13 IST" name="isSkip" finished-at="2023-06-04T02:25:13 IST" duration-ms="0" status="PASS">
          <reporter-output>
          </reporter-output>
        </test-method> <!-- isSkip -->
        <test-method signature="VerifyFlipcartAppliancepage()[pri:0, instance:flipcart.testcases.VerifyFlipcartAppliancePageTest@2f9f7dcf]" started-at="2023-06-04T02:25:13 IST" name="VerifyFlipcartAppliancepage" finished-at="2023-06-04T02:25:19 IST" duration-ms="5250" status="PASS">
          <reporter-output>
          </reporter-output>
        </test-method> <!-- VerifyFlipcartAppliancepage -->
      </class> <!-- flipcart.testcases.VerifyFlipcartAppliancePageTest -->
      <class name="flipcart.testcases.VerifyFlipcartTravelPageTest">
        <test-method is-config="true" signature="isSkip()[pri:0, instance:flipcart.testcases.VerifyFlipcartTravelPageTest@747ddf94]" started-at="2023-06-04T02:25:21 IST" name="isSkip" finished-at="2023-06-04T02:25:21 IST" duration-ms="0" status="PASS">
          <reporter-output>
          </reporter-output>
        </test-method> <!-- isSkip -->
        <test-method signature="VerifyFlipcarttravelpage()[pri:0, instance:flipcart.testcases.VerifyFlipcartTravelPageTest@747ddf94]" started-at="2023-06-04T02:25:21 IST" name="VerifyFlipcarttravelpage" finished-at="2023-06-04T02:25:31 IST" duration-ms="10017" status="PASS">
          <reporter-output>
          </reporter-output>
        </test-method> <!-- VerifyFlipcarttravelpage -->
      </class> <!-- flipcart.testcases.VerifyFlipcartTravelPageTest -->
      <class name="flipcart.testcases.VerifyFlipcartHomeApplPageTest">
        <test-method signature="VerifyFlipcarthomeapp()[pri:0, instance:flipcart.testcases.VerifyFlipcartHomeApplPageTest@5b8dfcc1]" started-at="2023-06-04T02:25:07 IST" name="VerifyFlipcarthomeapp" finished-at="2023-06-04T02:25:11 IST" duration-ms="4189" status="PASS">
          <reporter-output>
          </reporter-output>
        </test-method> <!-- VerifyFlipcarthomeapp -->
        <test-method is-config="true" signature="isSkip()[pri:0, instance:flipcart.testcases.VerifyFlipcartHomeApplPageTest@5b8dfcc1]" started-at="2023-06-04T02:25:07 IST" name="isSkip" finished-at="2023-06-04T02:25:07 IST" duration-ms="0" status="PASS">
          <reporter-output>
          </reporter-output>
        </test-method> <!-- isSkip -->
      </class> <!-- flipcart.testcases.VerifyFlipcartHomeApplPageTest -->
      <class name="flipcart.testcases.VerifyFlipCartFashonPageTest">
        <test-method is-config="true" signature="isSkip()[pri:0, instance:flipcart.testcases.VerifyFlipCartFashonPageTest@1a482e36]" started-at="2023-06-04T02:24:55 IST" name="isSkip" finished-at="2023-06-04T02:24:55 IST" duration-ms="1" status="PASS">
          <reporter-output>
          </reporter-output>
        </test-method> <!-- isSkip -->
        <test-method signature="VerifyFlipcartfashonPageTest()[pri:0, instance:flipcart.testcases.VerifyFlipCartFashonPageTest@1a482e36]" started-at="2023-06-04T02:24:55 IST" name="VerifyFlipcartfashonPageTest" finished-at="2023-06-04T02:24:59 IST" duration-ms="3854" status="PASS">
          <reporter-output>
          </reporter-output>
        </test-method> <!-- VerifyFlipcartfashonPageTest -->
      </class> <!-- flipcart.testcases.VerifyFlipCartFashonPageTest -->
    </test> <!-- Test -->
  </suite> <!-- Regression Test -->
</testng-results>
