<?xml version="1.0" encoding="UTF-8"?>
<testng-results ignored="18" total="28" passed="9" failed="0" skipped="1">
  <reporter-output>
  </reporter-output>
  <suite started-at="2023-06-04T03:29:14 IST" name="Regression Test" finished-at="2023-06-04T03:30:20 IST" duration-ms="65341">
    <groups>
    </groups>
    <test started-at="2023-06-04T03:29:14 IST" name="Test" finished-at="2023-06-04T03:30:20 IST" duration-ms="65341">
      <class name="flipcart.testcases.VerifyFlipCarMobilePageTest">
        <test-method is-config="true" signature="isSkip()[pri:0, instance:flipcart.testcases.VerifyFlipCarMobilePageTest@1a482e36]" started-at="2023-06-04T03:29:23 IST" name="isSkip" finished-at="2023-06-04T03:29:23 IST" duration-ms="0" status="SKIP">
          <exception class="org.testng.SkipException">
            <message>
              <![CDATA[Skipping Test case VerifyFlipCarMobilePageTest as it's run mode is set to No]]>
            </message>
            <full-stacktrace>
              <![CDATA[org.testng.SkipException: Skipping Test case VerifyFlipCarMobilePageTest as it's run mode is set to No
at flipcart.testcases.VerifyFlipCarMobilePageTest.isSkip(VerifyFlipCarMobilePageTest.java:20)
at java.base/jdk.internal.reflect.NativeMethodAccessorImpl.invoke0(Native Method)
at java.base/jdk.internal.reflect.NativeMethodAccessorImpl.invoke(NativeMethodAccessorImpl.java:77)
at java.base/jdk.internal.reflect.DelegatingMethodAccessorImpl.invoke(DelegatingMethodAccessorImpl.java:43)
at java.base/java.lang.reflect.Method.invoke(Method.java:568)
at org.testng.internal.MethodInvocationHelper.invokeMethod(MethodInvocationHelper.java:133)
at org.testng.internal.MethodInvocationHelper.invokeMethodConsideringTimeout(MethodInvocationHelper.java:62)
at org.testng.internal.ConfigInvoker.invokeConfigurationMethod(ConfigInvoker.java:385)
at org.testng.internal.ConfigInvoker.invokeConfigurations(ConfigInvoker.java:321)
at org.testng.internal.TestMethodWorker.invokeBeforeClassMethods(TestMethodWorker.java:176)
at org.testng.internal.TestMethodWorker.run(TestMethodWorker.java:122)
at java.base/java.util.ArrayList.forEach(ArrayList.java:1511)
at org.testng.TestRunner.privateRun(TestRunner.java:794)
at org.testng.TestRunner.run(TestRunner.java:596)
at org.testng.SuiteRunner.runTest(SuiteRunner.java:377)
at org.testng.SuiteRunner.runSequentially(SuiteRunner.java:371)
at org.testng.SuiteRunner.privateRun(SuiteRunner.java:332)
at org.testng.SuiteRunner.run(SuiteRunner.java:276)
at org.testng.SuiteRunnerWorker.runSuite(SuiteRunnerWorker.java:53)
at org.testng.SuiteRunnerWorker.run(SuiteRunnerWorker.java:96)
at org.testng.TestNG.runSuitesSequentially(TestNG.java:1212)
at org.testng.TestNG.runSuitesLocally(TestNG.java:1134)
at org.testng.TestNG.runSuites(TestNG.java:1063)
at org.testng.TestNG.run(TestNG.java:1031)
at org.testng.remote.AbstractRemoteTestNG.run(AbstractRemoteTestNG.java:115)
at org.testng.remote.RemoteTestNG.initAndRun(RemoteTestNG.java:251)
at org.testng.remote.RemoteTestNG.main(RemoteTestNG.java:77)
]]>
            </full-stacktrace>
          </exception> <!-- org.testng.SkipException -->
          <reporter-output>
          </reporter-output>
        </test-method> <!-- isSkip -->
        <test-method signature="VerifyFlipCarMobilePage()[pri:0, instance:flipcart.testcases.VerifyFlipCarMobilePageTest@1a482e36]" started-at="2023-06-04T03:29:23 IST" name="VerifyFlipCarMobilePage" finished-at="2023-06-04T03:29:23 IST" duration-ms="0" status="SKIP">
          <exception class="org.testng.SkipException">
            <message>
              <![CDATA[Skipping Test case VerifyFlipCarMobilePageTest as it's run mode is set to No]]>
            </message>
            <full-stacktrace>
              <![CDATA[org.testng.SkipException: Skipping Test case VerifyFlipCarMobilePageTest as it's run mode is set to No
at flipcart.testcases.VerifyFlipCarMobilePageTest.isSkip(VerifyFlipCarMobilePageTest.java:20)
at java.base/jdk.internal.reflect.NativeMethodAccessorImpl.invoke0(Native Method)
at java.base/jdk.internal.reflect.NativeMethodAccessorImpl.invoke(NativeMethodAccessorImpl.java:77)
at java.base/jdk.internal.reflect.DelegatingMethodAccessorImpl.invoke(DelegatingMethodAccessorImpl.java:43)
at java.base/java.lang.reflect.Method.invoke(Method.java:568)
at org.testng.internal.MethodInvocationHelper.invokeMethod(MethodInvocationHelper.java:133)
at org.testng.internal.MethodInvocationHelper.invokeMethodConsideringTimeout(MethodInvocationHelper.java:62)
at org.testng.internal.ConfigInvoker.invokeConfigurationMethod(ConfigInvoker.java:385)
at org.testng.internal.ConfigInvoker.invokeConfigurations(ConfigInvoker.java:321)
at org.testng.internal.TestMethodWorker.invokeBeforeClassMethods(TestMethodWorker.java:176)
at org.testng.internal.TestMethodWorker.run(TestMethodWorker.java:122)
at java.base/java.util.ArrayList.forEach(ArrayList.java:1511)
at org.testng.TestRunner.privateRun(TestRunner.java:794)
at org.testng.TestRunner.run(TestRunner.java:596)
at org.testng.SuiteRunner.runTest(SuiteRunner.java:377)
at org.testng.SuiteRunner.runSequentially(SuiteRunner.java:371)
at org.testng.SuiteRunner.privateRun(SuiteRunner.java:332)
at org.testng.SuiteRunner.run(SuiteRunner.java:276)
at org.testng.SuiteRunnerWorker.runSuite(SuiteRunnerWorker.java:53)
at org.testng.SuiteRunnerWorker.run(SuiteRunnerWorker.java:96)
at org.testng.TestNG.runSuitesSequentially(TestNG.java:1212)
at org.testng.TestNG.runSuitesLocally(TestNG.java:1134)
at org.testng.TestNG.runSuites(TestNG.java:1063)
at org.testng.TestNG.run(TestNG.java:1031)
at org.testng.remote.AbstractRemoteTestNG.run(AbstractRemoteTestNG.java:115)
at org.testng.remote.RemoteTestNG.initAndRun(RemoteTestNG.java:251)
at org.testng.remote.RemoteTestNG.main(RemoteTestNG.java:77)
]]>
            </full-stacktrace>
          </exception> <!-- org.testng.SkipException -->
          <reporter-output>
          </reporter-output>
        </test-method> <!-- VerifyFlipCarMobilePage -->
      </class> <!-- flipcart.testcases.VerifyFlipCarMobilePageTest -->
      <class name="flipcart.testcases.VerifyFlipcartTopOfferPageTest">
        <test-method is-config="true" signature="isSkip()[pri:0, instance:flipcart.testcases.VerifyFlipcartTopOfferPageTest@4f83df68]" started-at="2023-06-04T03:30:01 IST" name="isSkip" finished-at="2023-06-04T03:30:01 IST" duration-ms="0" status="PASS">
          <reporter-output>
          </reporter-output>
        </test-method> <!-- isSkip -->
        <test-method signature="VerifyFlipcartTopOffersPage()[pri:0, instance:flipcart.testcases.VerifyFlipcartTopOfferPageTest@4f83df68]" started-at="2023-06-04T03:30:01 IST" name="VerifyFlipcartTopOffersPage" finished-at="2023-06-04T03:30:05 IST" duration-ms="3847" status="PASS">
          <reporter-output>
          </reporter-output>
        </test-method> <!-- VerifyFlipcartTopOffersPage -->
      </class> <!-- flipcart.testcases.VerifyFlipcartTopOfferPageTest -->
      <class name="flipcart.testcases.VerifyFlipcartGroceryPageTest">
        <test-method is-config="true" signature="setup()[pri:0, instance:flipcart.testcases.VerifyFlipcartGroceryPageTest@223191a6]" started-at="2023-06-04T03:29:14 IST" name="setup" finished-at="2023-06-04T03:29:14 IST" duration-ms="496" status="PASS">
          <reporter-output>
          </reporter-output>
        </test-method> <!-- setup -->
        <test-method is-config="true" signature="isSkip()[pri:0, instance:flipcart.testcases.VerifyFlipcartGroceryPageTest@223191a6]" started-at="2023-06-04T03:29:14 IST" name="isSkip" finished-at="2023-06-04T03:29:14 IST" duration-ms="0" status="PASS">
          <reporter-output>
          </reporter-output>
        </test-method> <!-- isSkip -->
        <test-method signature="VerifyFlipcartGroceryTest()[pri:0, instance:flipcart.testcases.VerifyFlipcartGroceryPageTest@223191a6]" started-at="2023-06-04T03:29:14 IST" name="VerifyFlipcartGroceryTest" finished-at="2023-06-04T03:29:20 IST" duration-ms="6063" status="PASS">
          <reporter-output>
          </reporter-output>
        </test-method> <!-- VerifyFlipcartGroceryTest -->
        <test-method is-config="true" signature="endTest()[pri:0, instance:flipcart.testcases.VerifyFlipcartGroceryPageTest@223191a6]" started-at="2023-06-04T03:30:20 IST" name="endTest" finished-at="2023-06-04T03:30:20 IST" duration-ms="210" status="PASS">
          <reporter-output>
          </reporter-output>
        </test-method> <!-- endTest -->
      </class> <!-- flipcart.testcases.VerifyFlipcartGroceryPageTest -->
      <class name="flipcart.testcases.VerifyFlipcartTwoWheelerPageTest">
        <test-method is-config="true" signature="isSkip()[pri:0, instance:flipcart.testcases.VerifyFlipcartTwoWheelerPageTest@7d8995e]" started-at="2023-06-04T03:30:13 IST" name="isSkip" finished-at="2023-06-04T03:30:13 IST" duration-ms="1" status="PASS">
          <reporter-output>
          </reporter-output>
        </test-method> <!-- isSkip -->
        <test-method signature="VerifyFlipcarttwoWheelerPage()[pri:0, instance:flipcart.testcases.VerifyFlipcartTwoWheelerPageTest@7d8995e]" started-at="2023-06-04T03:30:13 IST" name="VerifyFlipcarttwoWheelerPage" finished-at="2023-06-04T03:30:17 IST" duration-ms="3938" status="PASS">
          <reporter-output>
          </reporter-output>
        </test-method> <!-- VerifyFlipcarttwoWheelerPage -->
      </class> <!-- flipcart.testcases.VerifyFlipcartTwoWheelerPageTest -->
      <class name="flipcart.testcases.VerifyFlipcartBeautyToyMorePageTest">
        <test-method is-config="true" signature="isSkip()[pri:0, instance:flipcart.testcases.VerifyFlipcartBeautyToyMorePageTest@6cf0e0ba]" started-at="2023-06-04T03:30:08 IST" name="isSkip" finished-at="2023-06-04T03:30:08 IST" duration-ms="1" status="PASS">
          <reporter-output>
          </reporter-output>
        </test-method> <!-- isSkip -->
        <test-method signature="VerifyFlipcartBeautyToyMorePage()[pri:0, instance:flipcart.testcases.VerifyFlipcartBeautyToyMorePageTest@6cf0e0ba]" started-at="2023-06-04T03:30:08 IST" name="VerifyFlipcartBeautyToyMorePage" finished-at="2023-06-04T03:30:11 IST" duration-ms="3621" status="PASS">
          <reporter-output>
          </reporter-output>
        </test-method> <!-- VerifyFlipcartBeautyToyMorePage -->
      </class> <!-- flipcart.testcases.VerifyFlipcartBeautyToyMorePageTest -->
      <class name="flipcart.testcases.VerifyFlipCartElectronicPageTest">
        <test-method is-config="true" signature="isSkip()[pri:0, instance:flipcart.testcases.VerifyFlipCartElectronicPageTest@5b8dfcc1]" started-at="2023-06-04T03:29:36 IST" name="isSkip" finished-at="2023-06-04T03:29:36 IST" duration-ms="0" status="PASS">
          <reporter-output>
          </reporter-output>
        </test-method> <!-- isSkip -->
        <test-method signature="VerifyFlipCartelectronicPageTest()[pri:0, instance:flipcart.testcases.VerifyFlipCartElectronicPageTest@5b8dfcc1]" started-at="2023-06-04T03:29:36 IST" name="VerifyFlipCartelectronicPageTest" finished-at="2023-06-04T03:29:40 IST" duration-ms="3930" status="PASS">
          <reporter-output>
          </reporter-output>
        </test-method> <!-- VerifyFlipCartelectronicPageTest -->
      </class> <!-- flipcart.testcases.VerifyFlipCartElectronicPageTest -->
      <class name="flipcart.testcases.VerifyFlipcartTravelPageTest">
        <test-method is-config="true" signature="isSkip()[pri:0, instance:flipcart.testcases.VerifyFlipcartTravelPageTest@35e2d654]" started-at="2023-06-04T03:29:55 IST" name="isSkip" finished-at="2023-06-04T03:29:55 IST" duration-ms="1" status="PASS">
          <reporter-output>
          </reporter-output>
        </test-method> <!-- isSkip -->
        <test-method signature="VerifyFlipcarttravelpage()[pri:0, instance:flipcart.testcases.VerifyFlipcartTravelPageTest@35e2d654]" started-at="2023-06-04T03:29:55 IST" name="VerifyFlipcarttravelpage" finished-at="2023-06-04T03:29:59 IST" duration-ms="4307" status="PASS">
          <reporter-output>
          </reporter-output>
        </test-method> <!-- VerifyFlipcarttravelpage -->
      </class> <!-- flipcart.testcases.VerifyFlipcartTravelPageTest -->
      <class name="flipcart.testcases.VerifyFlipcartAppliancePageTest">
        <test-method is-config="true" signature="isSkip()[pri:0, instance:flipcart.testcases.VerifyFlipcartAppliancePageTest@747ddf94]" started-at="2023-06-04T03:29:48 IST" name="isSkip" finished-at="2023-06-04T03:29:48 IST" duration-ms="0" status="PASS">
          <reporter-output>
          </reporter-output>
        </test-method> <!-- isSkip -->
        <test-method signature="VerifyFlipcartAppliancepage()[pri:0, instance:flipcart.testcases.VerifyFlipcartAppliancePageTest@747ddf94]" started-at="2023-06-04T03:29:48 IST" name="VerifyFlipcartAppliancepage" finished-at="2023-06-04T03:29:53 IST" duration-ms="4339" status="PASS">
          <reporter-output>
          </reporter-output>
        </test-method> <!-- VerifyFlipcartAppliancepage -->
      </class> <!-- flipcart.testcases.VerifyFlipcartAppliancePageTest -->
      <class name="flipcart.testcases.VerifyFlipcartHomeApplPageTest">
        <test-method is-config="true" signature="isSkip()[pri:0, instance:flipcart.testcases.VerifyFlipcartHomeApplPageTest@2f9f7dcf]" started-at="2023-06-04T03:29:42 IST" name="isSkip" finished-at="2023-06-04T03:29:42 IST" duration-ms="0" status="PASS">
          <reporter-output>
          </reporter-output>
        </test-method> <!-- isSkip -->
        <test-method signature="VerifyFlipcarthomeapp()[pri:0, instance:flipcart.testcases.VerifyFlipcartHomeApplPageTest@2f9f7dcf]" started-at="2023-06-04T03:29:42 IST" name="VerifyFlipcarthomeapp" finished-at="2023-06-04T03:29:46 IST" duration-ms="3940" status="PASS">
          <reporter-output>
          </reporter-output>
        </test-method> <!-- VerifyFlipcarthomeapp -->
      </class> <!-- flipcart.testcases.VerifyFlipcartHomeApplPageTest -->
      <class name="flipcart.testcases.VerifyFlipCartFashonPageTest">
        <test-method is-config="true" signature="isSkip()[pri:0, instance:flipcart.testcases.VerifyFlipCartFashonPageTest@72967906]" started-at="2023-06-04T03:29:30 IST" name="isSkip" finished-at="2023-06-04T03:29:30 IST" duration-ms="0" status="PASS">
          <reporter-output>
          </reporter-output>
        </test-method> <!-- isSkip -->
        <test-method signature="VerifyFlipcartfashonPageTest()[pri:0, instance:flipcart.testcases.VerifyFlipCartFashonPageTest@72967906]" started-at="2023-06-04T03:29:30 IST" name="VerifyFlipcartfashonPageTest" finished-at="2023-06-04T03:29:34 IST" duration-ms="3926" status="PASS">
          <reporter-output>
          </reporter-output>
        </test-method> <!-- VerifyFlipcartfashonPageTest -->
      </class> <!-- flipcart.testcases.VerifyFlipCartFashonPageTest -->
    </test> <!-- Test -->
  </suite> <!-- Regression Test -->
</testng-results>
