<?xml version="1.0" encoding="UTF-8"?>
<!-- Generated by org.testng.reporters.JUnitXMLReporter -->
<testsuite ignored="18" hostname="Oviya" failures="0" tests="10" name="Test" time="65.341" errors="0" timestamp="2023-06-04T03:30:20 IST">
  <testcase classname="flipcart.testcases.VerifyFlipCarMobilePageTest" name="@BeforeClass isSkip" time="0.0">
    <skipped/>
  </testcase> <!-- @BeforeClass isSkip -->
  <testcase classname="flipcart.testcases.VerifyFlipcartGroceryPageTest" name="VerifyFlipcartGroceryTest" time="6.063"/>
  <testcase classname="flipcart.testcases.VerifyFlipCarMobilePageTest" name="VerifyFlipCarMobilePage" time="0.0">
    <skipped/>
  </testcase> <!-- VerifyFlipCarMobilePage -->
  <testcase classname="flipcart.testcases.VerifyFlipCartFashonPageTest" name="VerifyFlipcartfashonPageTest" time="3.926"/>
  <testcase classname="flipcart.testcases.VerifyFlipCartElectronicPageTest" name="VerifyFlipCartelectronicPageTest" time="3.93"/>
  <testcase classname="flipcart.testcases.VerifyFlipcartHomeApplPageTest" name="VerifyFlipcarthomeapp" time="3.94"/>
  <testcase classname="flipcart.testcases.VerifyFlipcartAppliancePageTest" name="VerifyFlipcartAppliancepage" time="4.339"/>
  <testcase classname="flipcart.testcases.VerifyFlipcartTravelPageTest" name="VerifyFlipcarttravelpage" time="4.307"/>
  <testcase classname="flipcart.testcases.VerifyFlipcartTopOfferPageTest" name="VerifyFlipcartTopOffersPage" time="3.847"/>
  <testcase classname="flipcart.testcases.VerifyFlipcartBeautyToyMorePageTest" name="VerifyFlipcartBeautyToyMorePage" time="3.621"/>
  <testcase classname="flipcart.testcases.VerifyFlipcartTwoWheelerPageTest" name="VerifyFlipcarttwoWheelerPage" time="3.938"/>
  <testcase classname="flipcart.testbase.TestBase" name="@BeforeSuite setup" time="0.0">
    <ignored/>
  </testcase> <!-- @BeforeSuite setup -->
  <testcase classname="flipcart.testbase.TestBase" name="@BeforeSuite setup" time="0.0">
    <ignored/>
  </testcase> <!-- @BeforeSuite setup -->
  <testcase classname="flipcart.testbase.TestBase" name="@BeforeSuite setup" time="0.0">
    <ignored/>
  </testcase> <!-- @BeforeSuite setup -->
  <testcase classname="flipcart.testbase.TestBase" name="@BeforeSuite setup" time="0.0">
    <ignored/>
  </testcase> <!-- @BeforeSuite setup -->
  <testcase classname="flipcart.testbase.TestBase" name="@BeforeSuite setup" time="0.0">
    <ignored/>
  </testcase> <!-- @BeforeSuite setup -->
  <testcase classname="flipcart.testbase.TestBase" name="@BeforeSuite setup" time="0.0">
    <ignored/>
  </testcase> <!-- @BeforeSuite setup -->
  <testcase classname="flipcart.testbase.TestBase" name="@BeforeSuite setup" time="0.0">
    <ignored/>
  </testcase> <!-- @BeforeSuite setup -->
  <testcase classname="flipcart.testbase.TestBase" name="@BeforeSuite setup" time="0.0">
    <ignored/>
  </testcase> <!-- @BeforeSuite setup -->
  <testcase classname="flipcart.testbase.TestBase" name="@BeforeSuite setup" time="0.0">
    <ignored/>
  </testcase> <!-- @BeforeSuite setup -->
  <testcase classname="flipcart.testbase.TestBase" name="@AfterSuite endTest" time="0.0">
    <ignored/>
  </testcase> <!-- @AfterSuite endTest -->
  <testcase classname="flipcart.testbase.TestBase" name="@AfterSuite endTest" time="0.0">
    <ignored/>
  </testcase> <!-- @AfterSuite endTest -->
  <testcase classname="flipcart.testbase.TestBase" name="@AfterSuite endTest" time="0.0">
    <ignored/>
  </testcase> <!-- @AfterSuite endTest -->
  <testcase classname="flipcart.testbase.TestBase" name="@AfterSuite endTest" time="0.0">
    <ignored/>
  </testcase> <!-- @AfterSuite endTest -->
  <testcase classname="flipcart.testbase.TestBase" name="@AfterSuite endTest" time="0.0">
    <ignored/>
  </testcase> <!-- @AfterSuite endTest -->
  <testcase classname="flipcart.testbase.TestBase" name="@AfterSuite endTest" time="0.0">
    <ignored/>
  </testcase> <!-- @AfterSuite endTest -->
  <testcase classname="flipcart.testbase.TestBase" name="@AfterSuite endTest" time="0.0">
    <ignored/>
  </testcase> <!-- @AfterSuite endTest -->
  <testcase classname="flipcart.testbase.TestBase" name="@AfterSuite endTest" time="0.0">
    <ignored/>
  </testcase> <!-- @AfterSuite endTest -->
  <testcase classname="flipcart.testbase.TestBase" name="@AfterSuite endTest" time="0.0">
    <ignored/>
  </testcase> <!-- @AfterSuite endTest -->
</testsuite> <!-- Test -->
