<?xml version="1.0" encoding="UTF-8"?>
<!-- Generated by org.testng.reporters.JUnitXMLReporter -->
<testsuite ignored="18" hostname="Oviya" failures="0" tests="10" name="Test" time="62.004" errors="0" timestamp="2023-06-04T01:38:15 IST">
  <testcase classname="flipcart.testcases.VerifyFlipcartGroceryPageTest" name="VerifyFlipcartGroceryTest" time="5.195"/>
  <testcase classname="flipcart.testcases.VerifyFlipCarMobilePageTest" name="VerifyFlipCarMobilePage" time="3.847"/>
  <testcase classname="flipcart.testcases.VerifyFlipCartFashonPageTest" name="VerifyFlipcartElectronicPageTest" time="3.685"/>
  <testcase classname="flipcart.testcases.VerifyFlipCartElectronicPageTest" name="VerifyFlipCartelectronicPageTest" time="3.548"/>
  <testcase classname="flipcart.testcases.VerifyFlipcartHomeApplPageTest" name="VerifyFlipcarthomeapp" time="4.045"/>
  <testcase classname="flipcart.testcases.VerifyFlipcartAppliancePageTest" name="VerifyFlipcartAppliancepage" time="4.438"/>
  <testcase classname="flipcart.testcases.VerifyFlipcartTravelPageTest" name="VerifyFlipcarttravelpage" time="3.99"/>
  <testcase classname="flipcart.testcases.VerifyFlipcartTopOfferPageTest" name="VerifyFlipcartTopOffersPage" time="3.743"/>
  <testcase classname="flipcart.testcases.VerifyFlipcartBeautyToyMorePageTest" name="VerifyFlipcartBeautyToyMorePage" time="3.47"/>
  <testcase classname="flipcart.testcases.VerifyFlipcartTwoWheelerPageTest" name="VerifyFlipcarttwoWheelerPage" time="3.43"/>
  <testcase classname="flipcart.testbase.TestBase" name="@BeforeSuite setup" time="0.0">
    <ignored/>
  </testcase> <!-- @BeforeSuite setup -->
  <testcase classname="flipcart.testbase.TestBase" name="@BeforeSuite setup" time="0.0">
    <ignored/>
  </testcase> <!-- @BeforeSuite setup -->
  <testcase classname="flipcart.testbase.TestBase" name="@BeforeSuite setup" time="0.0">
    <ignored/>
  </testcase> <!-- @BeforeSuite setup -->
  <testcase classname="flipcart.testbase.TestBase" name="@BeforeSuite setup" time="0.0">
    <ignored/>
  </testcase> <!-- @BeforeSuite setup -->
  <testcase classname="flipcart.testbase.TestBase" name="@BeforeSuite setup" time="0.0">
    <ignored/>
  </testcase> <!-- @BeforeSuite setup -->
  <testcase classname="flipcart.testbase.TestBase" name="@BeforeSuite setup" time="0.0">
    <ignored/>
  </testcase> <!-- @BeforeSuite setup -->
  <testcase classname="flipcart.testbase.TestBase" name="@BeforeSuite setup" time="0.0">
    <ignored/>
  </testcase> <!-- @BeforeSuite setup -->
  <testcase classname="flipcart.testbase.TestBase" name="@BeforeSuite setup" time="0.0">
    <ignored/>
  </testcase> <!-- @BeforeSuite setup -->
  <testcase classname="flipcart.testbase.TestBase" name="@BeforeSuite setup" time="0.0">
    <ignored/>
  </testcase> <!-- @BeforeSuite setup -->
  <testcase classname="flipcart.testbase.TestBase" name="@AfterSuite endTest" time="0.0">
    <ignored/>
  </testcase> <!-- @AfterSuite endTest -->
  <testcase classname="flipcart.testbase.TestBase" name="@AfterSuite endTest" time="0.0">
    <ignored/>
  </testcase> <!-- @AfterSuite endTest -->
  <testcase classname="flipcart.testbase.TestBase" name="@AfterSuite endTest" time="0.0">
    <ignored/>
  </testcase> <!-- @AfterSuite endTest -->
  <testcase classname="flipcart.testbase.TestBase" name="@AfterSuite endTest" time="0.0">
    <ignored/>
  </testcase> <!-- @AfterSuite endTest -->
  <testcase classname="flipcart.testbase.TestBase" name="@AfterSuite endTest" time="0.0">
    <ignored/>
  </testcase> <!-- @AfterSuite endTest -->
  <testcase classname="flipcart.testbase.TestBase" name="@AfterSuite endTest" time="0.0">
    <ignored/>
  </testcase> <!-- @AfterSuite endTest -->
  <testcase classname="flipcart.testbase.TestBase" name="@AfterSuite endTest" time="0.0">
    <ignored/>
  </testcase> <!-- @AfterSuite endTest -->
  <testcase classname="flipcart.testbase.TestBase" name="@AfterSuite endTest" time="0.0">
    <ignored/>
  </testcase> <!-- @AfterSuite endTest -->
  <testcase classname="flipcart.testbase.TestBase" name="@AfterSuite endTest" time="0.0">
    <ignored/>
  </testcase> <!-- @AfterSuite endTest -->
</testsuite> <!-- Test -->
