<?xml version="1.0" encoding="UTF-8"?>
<!-- Generated by org.testng.reporters.JUnitReportReporter -->
<testsuite hostname="Oviya" failures="0" tests="1" name="flipcart.testcases.VerifyFlipCartElectronicPageTest" time="3.548" errors="0" timestamp="2023-06-04T01:38:15 IST" skipped="0">
  <testcase classname="flipcart.testcases.VerifyFlipCartElectronicPageTest" name="VerifyFlipCartelectronicPageTest" time="3.548"/>
  <system-out/>
</testsuite> <!-- flipcart.testcases.VerifyFlipCartElectronicPageTest -->
